[2025/7/13 18:16:23] 可靠版PDF转图片服务器启动成功！
[2025/7/13 18:16:24] 服务器地址: http://localhost:3002
[2025/7/13 18:16:24] 功能特性:
[2025/7/13 18:16:24]   - pdf2pic真实PDF渲染
[2025/7/13 18:16:24]   - 按页拆分输出
[2025/7/13 18:16:24]   - 高质量图片生成
[2025/7/13 18:16:24]   - ZIP自动打包
[2025/7/13 18:16:24]   - 所见即所得
[2025/7/13 18:16:24] 依赖要求:
[2025/7/13 18:16:24]   - GraphicsMagick 或 ImageMagick
[2025/7/13 18:16:24]   - 推荐安装: choco install imagemagick
[2025/7/13 18:16:24] 上传目录: E:\2_CODE\word_to_pdf_img\server\uploads
[2025/7/13 18:16:24] 输出目录: E:\2_CODE\word_to_pdf_img\server\outputs
[2025/7/13 18:17:38] 可靠版PDF转图片服务器启动成功！
[2025/7/13 18:17:38] 服务器地址: http://localhost:3002
[2025/7/13 18:17:38] 功能特性:
[2025/7/13 18:17:38]   - pdf2pic真实PDF渲染
[2025/7/13 18:17:38]   - 按页拆分输出
[2025/7/13 18:17:38]   - 高质量图片生成
[2025/7/13 18:17:38]   - ZIP自动打包
[2025/7/13 18:17:38]   - 所见即所得
[2025/7/13 18:17:38] 依赖要求:
[2025/7/13 18:17:38]   - GraphicsMagick 或 ImageMagick
[2025/7/13 18:17:38]   - 推荐安装: choco install imagemagick
[2025/7/13 18:17:38] 上传目录: E:\2_CODE\word_to_pdf_img\server\uploads
[2025/7/13 18:17:38] 输出目录: E:\2_CODE\word_to_pdf_img\server\outputs
[2025/7/13 18:18:51] 可靠版PDF转图片服务器启动成功！
[2025/7/13 18:18:51] 服务器地址: http://localhost:3002
[2025/7/13 18:18:51] 功能特性:
[2025/7/13 18:18:51]   - pdf2pic真实PDF渲染
[2025/7/13 18:18:51]   - 按页拆分输出
[2025/7/13 18:18:51]   - 高质量图片生成
[2025/7/13 18:18:51]   - ZIP自动打包
[2025/7/13 18:18:51]   - 所见即所得
[2025/7/13 18:18:51] 依赖要求:
[2025/7/13 18:18:51]   - GraphicsMagick 或 ImageMagick
[2025/7/13 18:18:51]   - 推荐安装: choco install imagemagick
[2025/7/13 18:18:51] 上传目录: E:\2_CODE\word_to_pdf_img\server\uploads
[2025/7/13 18:18:51] 输出目录: E:\2_CODE\word_to_pdf_img\server\outputs
[2025/7/13 18:19:16] 开始转换: .pdf -> jpg
[2025/7/13 18:19:16] === 开始可靠版PDF按页转图片 ===
[2025/7/13 18:19:16] 输入文件: E:\2_CODE\word_to_pdf_img\server\uploads\1752387935627-967517470-node.jsæ¯ä»ä¹ï¼å¸®æè¯¦ç»è§£éä¸ï¼reactånext.jsæ¯ä»ä¹å³ç³».pdf
[2025/7/13 18:19:16] 输出文件: E:\2_CODE\word_to_pdf_img\server\outputs\converted-1752401956145.jpg
[2025/7/13 18:19:16] 🎯 === 方案1: 使用pdf2pic进行按页拆分渲染 ===
[2025/7/13 18:19:16] 📄 开始按页转换PDF...
[2025/7/13 18:19:16] ❌ pdf2pic渲染失败: write EOF
[2025/7/13 18:19:16] ❌ PDF转图片完全失败: write EOF
[2025/7/13 18:19:16] 转换错误: PDF转图片失败: write EOF
[2025/7/13 18:19:36] 开始转换: .pdf -> jpg
[2025/7/13 18:19:36] === 开始可靠版PDF按页转图片 ===
[2025/7/13 18:19:36] 输入文件: E:\2_CODE\word_to_pdf_img\server\uploads\1752387935627-967517470-node.jsæ¯ä»ä¹ï¼å¸®æè¯¦ç»è§£éä¸ï¼reactånext.jsæ¯ä»ä¹å³ç³».pdf
[2025/7/13 18:19:36] 输出文件: E:\2_CODE\word_to_pdf_img\server\outputs\converted-1752401976111.jpg
[2025/7/13 18:19:36] 🎯 === 方案1: 使用pdf2pic进行按页拆分渲染 ===
[2025/7/13 18:19:36] 📄 开始按页转换PDF...
[2025/7/13 18:19:36] ❌ pdf2pic渲染失败: write EOF
[2025/7/13 18:19:36] ❌ PDF转图片完全失败: write EOF
[2025/7/13 18:19:36] 转换错误: PDF转图片失败: write EOF
