[2025/8/4 00:27:40] 健壮版PDF转图片服务器启动成功！
[2025/8/4 00:27:40] 服务器地址: http://localhost:3003
[2025/8/4 00:27:40] 功能特性:
[2025/8/4 00:27:40]   - 多重备选方案自动切换
[2025/8/4 00:27:40]   - pdf2pic优先（高质量）
[2025/8/4 00:27:40]   - 修复版PDF.js备选
[2025/8/4 00:27:40]   - 文本提取兜底方案
[2025/8/4 00:27:40]   - 自动错误恢复
[2025/8/4 00:27:40] 上传目录: E:\1_CODE\word_pdf_img\server\uploads
[2025/8/4 00:27:40] 输出目录: E:\1_CODE\word_pdf_img\server\outputs
[2025/8/4 00:28:45] 健壮版PDF转图片服务器启动成功！
[2025/8/4 00:28:45] 服务器地址: http://localhost:3003
[2025/8/4 00:28:45] 功能特性:
[2025/8/4 00:28:45]   - 多重备选方案自动切换
[2025/8/4 00:28:45]   - pdf2pic优先（高质量）
[2025/8/4 00:28:45]   - 修复版PDF.js备选
[2025/8/4 00:28:45]   - 文本提取兜底方案
[2025/8/4 00:28:45]   - 自动错误恢复
[2025/8/4 00:28:45] 上传目录: E:\1_CODE\word_pdf_img\server\uploads
[2025/8/4 00:28:45] 输出目录: E:\1_CODE\word_pdf_img\server\outputs
