[2025/7/13 18:22:06] 基于文本的PDF转图片服务器启动成功！
[2025/7/13 18:22:06] 服务器地址: http://localhost:3003
[2025/7/13 18:22:06] 功能特性:
[2025/7/13 18:22:06]   - 基于PDF文本内容生成
[2025/7/13 18:22:06]   - 按页拆分输出
[2025/7/13 18:22:06]   - 真实文本显示
[2025/7/13 18:22:06]   - ZIP自动打包
[2025/7/13 18:22:06]   - 100%成功率
[2025/7/13 18:22:06] 上传目录: E:\2_CODE\word_to_pdf_img\server\uploads
[2025/7/13 18:22:06] 输出目录: E:\2_CODE\word_to_pdf_img\server\outputs
[2025/7/13 18:23:52] 基于文本的PDF转图片服务器启动成功！
[2025/7/13 18:23:52] 服务器地址: http://localhost:3003
[2025/7/13 18:23:52] 功能特性:
[2025/7/13 18:23:52]   - 基于PDF文本内容生成
[2025/7/13 18:23:52]   - 按页拆分输出
[2025/7/13 18:23:52]   - 真实文本显示
[2025/7/13 18:23:52]   - ZIP自动打包
[2025/7/13 18:23:52]   - 100%成功率
[2025/7/13 18:23:52] 上传目录: E:\2_CODE\word_to_pdf_img\server\uploads
[2025/7/13 18:23:52] 输出目录: E:\2_CODE\word_to_pdf_img\server\outputs
[2025/7/13 18:24:20] 开始转换: .pdf -> jpg
[2025/7/13 18:24:20] === 开始基于文本的PDF按页转图片 ===
[2025/7/13 18:24:20] 输入文件: E:\2_CODE\word_to_pdf_img\server\uploads\1752387935627-967517470-node.jsæ¯ä»ä¹ï¼å¸®æè¯¦ç»è§£éä¸ï¼reactånext.jsæ¯ä»ä¹å³ç³».pdf
[2025/7/13 18:24:20] ✅ PDF文本提取成功，共4页
[2025/7/13 18:24:20] 📄 文本长度: 2362字符
[2025/7/13 18:24:20] 📊 平均每页文本长度: 591字符
[2025/7/13 18:24:21] 🖼️ 生成第1页图片...
[2025/7/13 18:24:22] ✅ 第1页保存成功: page-001.jpg (367.81 KB)
[2025/7/13 18:24:22] 🖼️ 生成第2页图片...
[2025/7/13 18:24:22] ✅ 第2页保存成功: page-002.jpg (366.10 KB)
[2025/7/13 18:24:22] 🖼️ 生成第3页图片...
[2025/7/13 18:24:22] ✅ 第3页保存成功: page-003.jpg (405.42 KB)
[2025/7/13 18:24:22] 🖼️ 生成第4页图片...
[2025/7/13 18:24:22] ✅ 第4页保存成功: page-004.jpg (362.20 KB)
[2025/7/13 18:24:22] ✅ 成功生成4/4页
[2025/7/13 18:24:22] 📦 ZIP文件创建成功: pdf-pages-1752402260978.zip (1502.79 KB)
[2025/7/13 18:24:22] 🧹 临时文件清理完成
[2025/7/13 18:24:22] 转换完成: pdf-pages-1752402260978.zip
[2025/7/13 18:24:39] 基于文本的PDF转图片服务器启动成功！
[2025/7/13 18:24:39] 服务器地址: http://localhost:3003
[2025/7/13 18:24:39] 功能特性:
[2025/7/13 18:24:39]   - 基于PDF文本内容生成
[2025/7/13 18:24:39]   - 按页拆分输出
[2025/7/13 18:24:39]   - 真实文本显示
[2025/7/13 18:24:39]   - ZIP自动打包
[2025/7/13 18:24:39]   - 100%成功率
[2025/7/13 18:24:39] 上传目录: E:\2_CODE\word_to_pdf_img\server\uploads
[2025/7/13 18:24:39] 输出目录: E:\2_CODE\word_to_pdf_img\server\outputs
[2025/7/13 18:24:57] 开始转换: .pdf -> jpg
[2025/7/13 18:24:57] === 开始基于文本的PDF按页转图片 ===
[2025/7/13 18:24:57] 输入文件: E:\2_CODE\word_to_pdf_img\server\uploads\1752387935627-967517470-node.jsæ¯ä»ä¹ï¼å¸®æè¯¦ç»è§£éä¸ï¼reactånext.jsæ¯ä»ä¹å³ç³».pdf
[2025/7/13 18:24:58] ✅ PDF文本提取成功，共4页
[2025/7/13 18:24:58] 📄 文本长度: 2362字符
[2025/7/13 18:24:58] 📊 平均每页文本长度: 591字符
[2025/7/13 18:24:58] 🖼️ 生成第1页图片...
[2025/7/13 18:24:58] ✅ 第1页保存成功: page-001.jpg (367.82 KB)
[2025/7/13 18:24:58] 🖼️ 生成第2页图片...
[2025/7/13 18:24:58] ✅ 第2页保存成功: page-002.jpg (366.12 KB)
[2025/7/13 18:24:58] 🖼️ 生成第3页图片...
[2025/7/13 18:24:58] ✅ 第3页保存成功: page-003.jpg (405.42 KB)
[2025/7/13 18:24:58] 🖼️ 生成第4页图片...
[2025/7/13 18:24:58] ✅ 第4页保存成功: page-004.jpg (362.20 KB)
[2025/7/13 18:24:58] ✅ 成功生成4/4页
[2025/7/13 18:24:58] 📦 ZIP文件创建成功: pdf-pages-1752402298053.zip (1502.82 KB)
[2025/7/13 18:24:58] 🧹 临时文件清理完成
[2025/7/13 18:24:58] 转换完成: pdf-pages-1752402298053.zip
[2025/7/13 18:49:23] 文件上传成功: 1752403763587-791125639-React框架除了next.js15还有哪些.pdf
[2025/7/13 18:49:25] 开始转换: .pdf -> jpg
[2025/7/13 18:49:25] === 开始基于文本的PDF按页转图片 ===
[2025/7/13 18:49:25] 输入文件: E:\2_CODE\word_to_pdf_img\server\uploads\1752403763587-791125639-React框架除了next.js15还有哪些.pdf
[2025/7/13 18:49:25] ✅ PDF文本提取成功，共4页
[2025/7/13 18:49:25] 📄 文本长度: 1672字符
[2025/7/13 18:49:25] 📊 平均每页文本长度: 418字符
[2025/7/13 18:49:25] 🖼️ 生成第1页图片...
[2025/7/13 18:49:26] ✅ 第1页保存成功: page-001.jpg (362.21 KB)
[2025/7/13 18:49:26] 🖼️ 生成第2页图片...
[2025/7/13 18:49:26] ✅ 第2页保存成功: page-002.jpg (360.36 KB)
[2025/7/13 18:49:26] 🖼️ 生成第3页图片...
[2025/7/13 18:49:26] ✅ 第3页保存成功: page-003.jpg (324.94 KB)
[2025/7/13 18:49:26] 🖼️ 生成第4页图片...
[2025/7/13 18:49:26] ✅ 第4页保存成功: page-004.jpg (336.38 KB)
[2025/7/13 18:49:26] ✅ 成功生成4/4页
[2025/7/13 18:49:26] 📦 ZIP文件创建成功: pdf-pages-1752403765951.zip (1385.06 KB)
[2025/7/13 18:49:26] 🧹 临时文件清理完成
[2025/7/13 18:49:26] 转换完成: pdf-pages-1752403765951.zip
